Failures: [(<builtins.TestParseQuery testMethod=test_complex_query_with_all_components>, 'Traceback (most recent call last):\n  File "<string>", line 179, in test_complex_query_with_all_components\nAssertionError: {\'int[26 chars]\': [\'error message\', \'file.log\', \'also\', \'auth[132 chars]ils\'} != {\'int[26 chars]\': [\'file.log\', \'also\', \'auth\', \'details\'], \'e[115 chars]ils\'}\n  {\'entities\': {\'term\': [\'error message\']},\n   \'intent\': \'pattern\',\n-  \'keywords\': [\'error message\', \'file.log\', \'also\', \'auth\', \'details\'],\n?               -----------------\n\n+  \'keywords\': [\'file.log\', \'also\', \'auth\', \'details\'],\n   \'original_query\': \'search for "error message" in file.log and also auth \'\n                     \'details\'}\n'), (<builtins.TestParseQuery testMethod=test_multiple_quoted_entities>, 'Traceback (most recent call last):\n  File "<string>", line 169, in test_multiple_quoted_entities\nAssertionError: {\'int[25 chars]s\': [\'foo bar\'], \'entities\': {\'term\': [\'foo ba[57 chars]az"\'} != {\'int[25 chars]s\': [], \'entities\': {\'term\': [\'foo bar\', \'baz\'[48 chars]az"\'}\n  {\'entities\': {\'term\': [\'foo bar\', \'baz\']},\n   \'intent\': \'pattern\',\n-  \'keywords\': [\'foo bar\'],\n?               ---------\n\n+  \'keywords\': [],\n   \'original_query\': \'grep for "foo bar" and "baz"\'}\n'), (<builtins.TestParseQuery testMethod=test_query_with_only_entity>, 'Traceback (most recent call last):\n  File "<string>", line 239, in test_query_with_only_entity\nAssertionError: {\'int[25 chars]s\': [\'a quoted term\'], \'entities\': {\'term\': [\'[49 chars]rm"\'} != {\'int[25 chars]s\': [], \'entities\': {\'term\': [\'a quoted term\'][34 chars]rm"\'}\n  {\'entities\': {\'term\': [\'a quoted term\']},\n   \'intent\': \'unknown\',\n-  \'keywords\': [\'a quoted term\'],\n+  \'keywords\': [],\n   \'original_query\': \'"a quoted term"\'}\n'), (<builtins.TestParseQuery testMethod=test_simple_pattern_intent>, 'Traceback (most recent call last):\n  File "<string>", line 118, in test_simple_pattern_intent\nAssertionError: {\'int[25 chars]s\': [\'todo\', \'code\'], \'entities\': {}, \'origina[37 chars]ode"} != {\'int[25 chars]s\': ["\'todo\'", \'code\'], \'entities\': {}, \'origi[39 chars]ode"}\n  {\'entities\': {},\n   \'intent\': \'pattern\',\n-  \'keywords\': [\'todo\', \'code\'],\n+  \'keywords\': ["\'todo\'", \'code\'],\n?               +      +\n\n   \'original_query\': "search for \'TODO\' in the code"}\n')]
Errors: []